{"logTime": "1212/022546", "correlationVector":"itkHI6AHb7qNdKCZexnjBQ.1","action":"SyncServerConnectionManagerRequest", "result":"SYNC_SERVER_OK", "context":{"environment":"Prod_southeastasia_prod-s01-064-apac-southeastasia", "migrationStage":"NotStarted", "server":"akswtt108000004"}}
{"logTime": "1212/022546", "correlationVector":"itkHI6AHb7qNdKCZexnjBQ.2","action":"ProcessGetUpdates", "result":"Done", "context":{"dataType":"Encryption Keys", "deleted":"0", "process_failed_to_decrypt":"0", "process_pending_decryption":"0", "process_success":"1", "total":"1"}}
{"logTime": "1212/022547", "correlationVector":"iN+nOx5P9IYJJz/ssY8+6J","action":"SyncServerConnectionManagerRequest", "result":"SYNC_SERVER_OK", "context":{"environment":"", "migrationStage":"", "server":""}}
{"logTime": "1212/022547", "correlationVector":"iN+nOx5P9IYJJz/ssY8+6J.0","action":"EncryptionKeysFetcher.DownloadKeys:", "result":"Success", "context":Key count: 9, Last key timestamp: 2025-10-24T14:55:23Z}
{"logTime": "1212/022547", "correlationVector":"iN+nOx5P9IYJJz/ssY8+6J.1","action":"EncryptionKeysManager::SetEncryptionKeys:", "result":"Success", "context":Key names[9]:[gT41cTfQ6c4lsO/nZG22O5mG1TJCovRaUI7iKB2PNYZmkkFqK6EIyTEZGEycjEEeBstpf6CmLSimkwwO1kUIaw==][pxaDJZukYxrUclW1W7B0m5wFizNy0fst6KHwZQNKxmCpHzlIfq36BJZeDRz5yNr99pQfeJDhp+NJEv6EMYeG5Q==][qP0i2STe67Icy21fMAnbfjrC82Ca5AV/G7IVUaISLX+0hdEmjEuKZ3I9znpFMmKsWiKO80p/cO9v36U7SBSDDQ==][oqKKiq47Avs7F171xr8tA+dW9bd+s2j9UVZLFOXh3BhzFEPTbqExz2K91SzVmIGLZ0DXjBM8nB40ZoJhDhQx1g==][rWxB059rigDDCOiH3kEajrXcEmSeC4iky7YGtOeqdb/5qR+rsIWM7DcSS+NQWueIUzxauBOalMxDVw0w/u+wFQ==][UHysngfSAjXWum6SFD3V/GefGGYS0LhxSFw/VZ0hpotur4IEUdPr6zekuY+7fVILtrrLu+8hRP2mNj7/35zIXw==][ZEyWAWxc7DxsuQTulJ37SuOOyC2Vm4NZt0s4cGP3W7BJCJuT+iJQ8dgga/mg/+dCRUWN3/9diHMb6s5OnPeIXQ==][9Kcx9aFYOAP2AN5dkOjq8EI0dGbX2fvNk6lgxugWpc81KW1N95gt/XiIXS26oyn7TXUEVbhZAolimwCQeCvWkw==][QalDWyDfnOEzBhlmMV/wuty3gBGksONPiO5bkBW3HTj5ZuTOBTI1KHYk+hbvZgoZ55JEQ5yXNtw5fdD9Ylr5cA==]}
{"logTime": "1212/022547", "correlationVector":"iN+nOx5P9IYJJz/ssY8+6J.2","action":"EncryptionKeysManager::SetEncryptionKeysWithTimestamps:", "result":"Success", "context":Key timestamps[9]:[2021-06-03T01:41:59Z][2021-11-30T04:00:05Z][2022-05-31T01:33:47Z][2022-11-13T09:25:23Z][2023-05-12T13:17:18Z][2023-11-09T12:47:46Z][2024-05-14T11:21:21Z][2024-12-18T09:24:35Z][2025-10-24T14:55:23Z]}
{"logTime": "1212/022547", "correlationVector":"itkHI6AHb7qNdKCZexnjBQ","action":"Initial GetUpdates", "result":"", "context":Reason: NEW_CLIENT. cV=itkHI6AHb7qNdKCZexnjBQ}
{"logTime": "1212/022547", "correlationVector":"itkHI6AHb7qNdKCZexnjBQ.3","action":"GetUpdates Response", "result":"Success", "context":Received 1 update(s). cV=itkHI6AHb7qNdKCZexnjBQ.0;server=akswtt108000004;cloudType=Consumer;environment=Prod_southeastasia_prod-s01-064-apac-southeastasia;migrationStage=NotStarted}
{"logTime": "1212/022547", "correlationVector":"WnikaPnAxj9rapl6JdJdU6","action":"Initial GetUpdates", "result":"", "context":Reason: NEWLY_SUPPORTED_DATATYPE. cV=WnikaPnAxj9rapl6JdJdU6}
{"logTime": "1212/022547", "correlationVector":"WnikaPnAxj9rapl6JdJdU6.1","action":"SyncServerConnectionManagerRequest", "result":"SYNC_SERVER_OK", "context":{"environment":"Prod_southeastasia_prod-s01-064-apac-southeastasia", "migrationStage":"NotStarted", "server":"akswtt10800000o"}}
{"logTime": "1212/022547", "correlationVector":"WnikaPnAxj9rapl6JdJdU6.2","action":"ProcessGetUpdates", "result":"Done", "context":{"dataType":"Passwords", "deleted":"0", "process_failed_to_decrypt":"0", "process_pending_decryption":"0", "process_success":"20", "total":"20"}}
{"logTime": "1212/022547", "correlationVector":"WnikaPnAxj9rapl6JdJdU6.3","action":"ProcessGetUpdates", "result":"Done", "context":{"dataType":"Device Info", "deleted":"0", "process_failed_to_decrypt":"0", "process_pending_decryption":"0", "process_success":"8", "total":"8"}}
{"logTime": "1212/022547", "correlationVector":"WnikaPnAxj9rapl6JdJdU6.4","action":"GetUpdates Response", "result":"Success", "context":Received 28 update(s). cV=WnikaPnAxj9rapl6JdJdU6.0;server=akswtt10800000o;cloudType=Consumer;environment=Prod_southeastasia_prod-s01-064-apac-southeastasia;migrationStage=NotStarted}
{"logTime": "1212/022547", "correlationVector":"NPqnyKuxqlSgUp9d63x/A3","action":"Initial GetUpdates", "result":"", "context":Reason: NEWLY_SUPPORTED_DATATYPE. cV=NPqnyKuxqlSgUp9d63x/A3}
{"logTime": "1212/022547", "correlationVector":"NPqnyKuxqlSgUp9d63x/A3.1","action":"SyncServerConnectionManagerRequest", "result":"SYNC_SERVER_OK", "context":{"environment":"Prod_southeastasia_prod-s01-064-apac-southeastasia", "migrationStage":"NotStarted", "server":"akswtt10800000c"}}
{"logTime": "1212/022547", "correlationVector":"NPqnyKuxqlSgUp9d63x/A3.2","action":"ProcessGetUpdates", "result":"Done", "context":{"dataType":"Extensions", "deleted":"1", "process_failed_to_decrypt":"0", "process_pending_decryption":"0", "process_success":"2", "total":"2"}}
{"logTime": "1212/022547", "correlationVector":"NPqnyKuxqlSgUp9d63x/A3.3","action":"GetUpdates Response", "result":"Success", "context":Received 2 update(s). cV=NPqnyKuxqlSgUp9d63x/A3.0;server=akswtt10800000c;cloudType=Consumer;environment=Prod_southeastasia_prod-s01-064-apac-southeastasia;migrationStage=NotStarted}
{"logTime": "1212/022547", "correlationVector":"eXaczQEE8/JzssZDW53H5W","action":"Normal GetUpdate request", "result":"", "context":cV=eXaczQEE8/JzssZDW53H5W
Nudged types: Device Info
Refresh requested types: Passwords, Extensions, Extension settings, Device Info, User Consents, Send Tab To Self, Web Apps, Saved Tab Group, WebAuthn Credentials, Encryption Keys}
{"logTime": "1212/022548", "correlationVector":"eXaczQEE8/JzssZDW53H5W.1","action":"SyncServerConnectionManagerRequest", "result":"SYNC_SERVER_OK", "context":{"environment":"Prod_southeastasia_prod-s01-064-apac-southeastasia", "migrationStage":"NotStarted", "server":"akswtt108000006"}}
{"logTime": "1212/022548", "correlationVector":"eXaczQEE8/JzssZDW53H5W.2","action":"GetUpdates Response", "result":"Success", "context":Received 0 update(s). cV=eXaczQEE8/JzssZDW53H5W.0;server=akswtt108000006;cloudType=Consumer;environment=Prod_southeastasia_prod-s01-064-apac-southeastasia;migrationStage=NotStarted}
{"logTime": "1212/022548", "correlationVector":"6lA8iOLEdctAN0XrpLdW5t","action":"DoCompareDataConsistency requsted types: ", "result":"Passwords, Extensions, Extension settings, Send Tab To Self, Web Apps, Saved Tab Group, WebAuthn Credentials, Encryption Keys"}
{"logTime": "1212/022548", "correlationVector":"6lA8iOLEdctAN0XrpLdW5t.0","action":"CompareDataConsistency result: ", "result":"Compare result: Encryption Keys is consistent. local entities count is: 1 local entities hash is: 0XlwMWP+bwkfNzZEz0QbYLh9Lok="}
{"logTime": "1212/022548", "correlationVector":"6lA8iOLEdctAN0XrpLdW5t.1","action":"CompareDataConsistency result: ", "result":"Compare result: Extensions is consistent. local entities count is: 1 local entities hash is: F3rDcIpMHxVF7AeqTRFCIQLQRkE="}
{"logTime": "1212/022548", "correlationVector":"6lA8iOLEdctAN0XrpLdW5t.2","action":"CompareDataConsistency result: ", "result":"Compare result: Extension settings is consistent. local entities count is: 0 local entities hash is: "}
{"logTime": "1212/022548", "correlationVector":"6lA8iOLEdctAN0XrpLdW5t.3","action":"CompareDataConsistency result: ", "result":"Server did not send this Send Tab To Self local entities count is: 0 local entities hash is: "}
{"logTime": "1212/022548", "correlationVector":"6lA8iOLEdctAN0XrpLdW5t.4","action":"CompareDataConsistency result: ", "result":"Compare result: Web Apps is consistent. local entities count is: 0 local entities hash is: "}
{"logTime": "1212/022548", "correlationVector":"6lA8iOLEdctAN0XrpLdW5t.5","action":"CompareDataConsistency result: ", "result":"Compare result: Saved Tab Group is consistent. local entities count is: 0 local entities hash is: "}
{"logTime": "1212/022548", "correlationVector":"6lA8iOLEdctAN0XrpLdW5t.6","action":"CompareDataConsistency result: ", "result":"Server did not send this WebAuthn Credentials local entities count is: 0 local entities hash is: "}
{"logTime": "1212/022548", "correlationVector":"6lA8iOLEdctAN0XrpLdW5t.7","action":"CompareDataConsistency result: ", "result":"Compare result: Passwords is consistent. local entities count is: 20 local entities hash is: 3s+XVBueYno21lS9VWpbwD88W1w="}
{"logTime": "1212/022548", "correlationVector":"0GqRdrIg47YCZYHJ2AURbk","action":"Commit Request", "result":"", "context":Item count: 1
Contributing types: Device Info}
{"logTime": "1212/022549", "correlationVector":"0GqRdrIg47YCZYHJ2AURbk.1","action":"SyncServerConnectionManagerRequest", "result":"SYNC_SERVER_OK", "context":{"environment":"Prod_southeastasia_prod-s01-064-apac-southeastasia", "migrationStage":"NotStarted", "server":"akswtt108000005"}}
{"logTime": "1212/022549", "correlationVector":"0GqRdrIg47YCZYHJ2AURbk.2","action":"Commit Response", "result":"Success", "context":Result: Success. cV=0GqRdrIg47YCZYHJ2AURbk.0;server=akswtt108000005;cloudType=Consumer;environment=Prod_southeastasia_prod-s01-064-apac-southeastasia;migrationStage=NotStarted}
{"logTime": "1212/022549", "correlationVector":"","action":"DIAGNOSTIC_REQUEST|v1/diagnosticData/Diagnostic.SendCheckResult()|SUCCESS", "result":""}
{"logTime": "1212/022614", "correlationVector":"","action":"Microsoft.Sync.State.UserActionableError.30Sec", "result":"Error:7"}
{"logTime": "1212/022614", "correlationVector":"","action":"Microsoft.Sync.State.Sign.In.UserActionableError.30Sec", "result":"Error:7"}
{"logTime": "1212/022622", "correlationVector":"KOlOaBWGnxHwtvf+ll6GvS","action":"Initial GetUpdates", "result":"", "context":Reason: RECONFIGURATION. cV=KOlOaBWGnxHwtvf+ll6GvS}
{"logTime": "1212/022622", "correlationVector":"KOlOaBWGnxHwtvf+ll6GvS.1","action":"SyncServerConnectionManagerRequest", "result":"SYNC_SERVER_OK", "context":{"environment":"Prod_southeastasia_prod-s01-064-apac-southeastasia", "migrationStage":"NotStarted", "server":"akswtt108000006"}}
{"logTime": "1212/022622", "correlationVector":"KOlOaBWGnxHwtvf+ll6GvS.2","action":"ProcessGetUpdates", "result":"Done", "context":{"dataType":"Preferences", "deleted":"0", "process_failed_to_decrypt":"0", "process_pending_decryption":"0", "process_success":"99", "total":"99"}}
{"logTime": "1212/022622", "correlationVector":"KOlOaBWGnxHwtvf+ll6GvS.3","action":"ProcessGetUpdates", "result":"Done", "context":{"dataType":"Passwords", "deleted":"0", "process_failed_to_decrypt":"0", "process_pending_decryption":"0", "process_success":"20", "total":"20"}}
{"logTime": "1212/022622", "correlationVector":"KOlOaBWGnxHwtvf+ll6GvS.4","action":"ProcessGetUpdates", "result":"Done", "context":{"dataType":"Device Info", "deleted":"0", "process_failed_to_decrypt":"0", "process_pending_decryption":"0", "process_success":"9", "total":"9"}}
{"logTime": "1212/022622", "correlationVector":"KOlOaBWGnxHwtvf+ll6GvS.5","action":"GetUpdates Response", "result":"Success", "context":Received 128 update(s). cV=KOlOaBWGnxHwtvf+ll6GvS.0;server=akswtt108000006;cloudType=Consumer;environment=Prod_southeastasia_prod-s01-064-apac-southeastasia;migrationStage=NotStarted}
{"logTime": "1212/022623", "correlationVector":"zxC/XKycW0AWq9PNqF88XT","action":"Initial GetUpdates", "result":"", "context":Reason: RECONFIGURATION. cV=zxC/XKycW0AWq9PNqF88XT}
{"logTime": "1212/022623", "correlationVector":"zxC/XKycW0AWq9PNqF88XT.1","action":"SyncServerConnectionManagerRequest", "result":"SYNC_SERVER_OK", "context":{"environment":"Prod_southeastasia_prod-s01-064-apac-southeastasia", "migrationStage":"NotStarted", "server":"akswtt108000001"}}
{"logTime": "1212/022623", "correlationVector":"zxC/XKycW0AWq9PNqF88XT.2","action":"ProcessGetUpdates", "result":"Done", "context":{"dataType":"Bookmarks", "deleted":"0", "process_failed_to_decrypt":"0", "process_pending_decryption":"0", "process_success":"17", "total":"17"}}
{"logTime": "1212/022623", "correlationVector":"zxC/XKycW0AWq9PNqF88XT.3","action":"GetUpdates Response", "result":"Success", "context":Received 17 update(s). cV=zxC/XKycW0AWq9PNqF88XT.0;server=akswtt108000001;cloudType=Consumer;environment=Prod_southeastasia_prod-s01-064-apac-southeastasia;migrationStage=NotStarted}
{"logTime": "1212/022623", "correlationVector":"jedWtK1p0uYUFIFQrqNCBs","action":"Initial GetUpdates", "result":"", "context":Reason: RECONFIGURATION. cV=jedWtK1p0uYUFIFQrqNCBs}
{"logTime": "1212/022624", "correlationVector":"jedWtK1p0uYUFIFQrqNCBs.1","action":"SyncServerConnectionManagerRequest", "result":"SYNC_SERVER_OK", "context":{"environment":"Prod_southeastasia_prod-s01-064-apac-southeastasia", "migrationStage":"NotStarted", "server":"akswtt108000006"}}
{"logTime": "1212/022624", "correlationVector":"jedWtK1p0uYUFIFQrqNCBs.2","action":"ProcessGetUpdates", "result":"Done", "context":{"dataType":"Autofill Profiles", "deleted":"0", "process_failed_to_decrypt":"0", "process_pending_decryption":"0", "process_success":"1", "total":"1"}}
{"logTime": "1212/022624", "correlationVector":"jedWtK1p0uYUFIFQrqNCBs.3","action":"ProcessGetUpdates", "result":"Done", "context":{"dataType":"Autofill", "deleted":"0", "process_failed_to_decrypt":"0", "process_pending_decryption":"0", "process_success":"5", "total":"5"}}
{"logTime": "1212/022624", "correlationVector":"jedWtK1p0uYUFIFQrqNCBs.4","action":"ProcessGetUpdates", "result":"Done", "context":{"dataType":"Extensions", "deleted":"1", "process_failed_to_decrypt":"0", "process_pending_decryption":"0", "process_success":"2", "total":"2"}}
{"logTime": "1212/022624", "correlationVector":"jedWtK1p0uYUFIFQrqNCBs.5","action":"ProcessGetUpdates", "result":"Done", "context":{"dataType":"Sessions", "deleted":"235", "process_failed_to_decrypt":"0", "process_pending_decryption":"0", "process_success":"242", "total":"242"}}
{"logTime": "1212/022624", "correlationVector":"jedWtK1p0uYUFIFQrqNCBs.6","action":"GetUpdates Response", "result":"Success", "context":Received 250 update(s). cV=jedWtK1p0uYUFIFQrqNCBs.0;server=akswtt108000006;cloudType=Consumer;environment=Prod_southeastasia_prod-s01-064-apac-southeastasia;migrationStage=NotStarted Some updates remain.}
{"logTime": "1212/022624", "correlationVector":"flJ0B8q89f9pS6BIDca20a","action":"Initial GetUpdates", "result":"", "context":Reason: RECONFIGURATION. cV=flJ0B8q89f9pS6BIDca20a}
{"logTime": "1212/022624", "correlationVector":"flJ0B8q89f9pS6BIDca20a.1","action":"SyncServerConnectionManagerRequest", "result":"SYNC_SERVER_OK", "context":{"environment":"Prod_southeastasia_prod-s01-064-apac-southeastasia", "migrationStage":"NotStarted", "server":"akswtt10800000m"}}
{"logTime": "1212/022624", "correlationVector":"flJ0B8q89f9pS6BIDca20a.2","action":"ProcessGetUpdates", "result":"Done", "context":{"dataType":"Sessions", "deleted":"36", "process_failed_to_decrypt":"0", "process_pending_decryption":"0", "process_success":"41", "total":"41"}}
{"logTime": "1212/022624", "correlationVector":"flJ0B8q89f9pS6BIDca20a.3","action":"GetUpdates Response", "result":"Success", "context":Received 41 update(s). cV=flJ0B8q89f9pS6BIDca20a.0;server=akswtt10800000m;cloudType=Consumer;environment=Prod_southeastasia_prod-s01-064-apac-southeastasia;migrationStage=NotStarted}
{"logTime": "1212/022624", "correlationVector":"4Y/M7YDQcDKf7bewFzqqCb","action":"Initial GetUpdates", "result":"", "context":Reason: RECONFIGURATION. cV=4Y/M7YDQcDKf7bewFzqqCb}
{"logTime": "1212/022625", "correlationVector":"4Y/M7YDQcDKf7bewFzqqCb.1","action":"SyncServerConnectionManagerRequest", "result":"SYNC_SERVER_OK", "context":{"environment":"Prod_southeastasia_prod-s01-064-apac-southeastasia", "migrationStage":"NotStarted", "server":"akswtt108000004"}}
{"logTime": "1212/022625", "correlationVector":"4Y/M7YDQcDKf7bewFzqqCb.2","action":"ProcessGetUpdates", "result":"Done", "context":{"dataType":"History", "deleted":"0", "process_failed_to_decrypt":"0", "process_pending_decryption":"0", "process_success":"250", "total":"250"}}
{"logTime": "1212/022625", "correlationVector":"4Y/M7YDQcDKf7bewFzqqCb.3","action":"GetUpdates Response", "result":"Success", "context":Received 250 update(s). cV=4Y/M7YDQcDKf7bewFzqqCb.0;server=akswtt108000004;cloudType=Consumer;environment=Prod_southeastasia_prod-s01-064-apac-southeastasia;migrationStage=NotStarted Some updates remain.}
{"logTime": "1212/022625", "correlationVector":"X7pq1Icev1xBWONk4zwnAm","action":"Initial GetUpdates", "result":"", "context":Reason: RECONFIGURATION. cV=X7pq1Icev1xBWONk4zwnAm}
{"logTime": "1212/022626", "correlationVector":"X7pq1Icev1xBWONk4zwnAm.1","action":"SyncServerConnectionManagerRequest", "result":"SYNC_SERVER_OK", "context":{"environment":"Prod_southeastasia_prod-s01-064-apac-southeastasia", "migrationStage":"NotStarted", "server":"akswtt108000009"}}
{"logTime": "1212/022626", "correlationVector":"X7pq1Icev1xBWONk4zwnAm.2","action":"ProcessGetUpdates", "result":"Done", "context":{"dataType":"History", "deleted":"0", "process_failed_to_decrypt":"0", "process_pending_decryption":"0", "process_success":"250", "total":"250"}}
{"logTime": "1212/022626", "correlationVector":"X7pq1Icev1xBWONk4zwnAm.3","action":"GetUpdates Response", "result":"Success", "context":Received 250 update(s). cV=X7pq1Icev1xBWONk4zwnAm.0;server=akswtt108000009;cloudType=Consumer;environment=Prod_southeastasia_prod-s01-064-apac-southeastasia;migrationStage=NotStarted Some updates remain.}
{"logTime": "1212/022626", "correlationVector":"ukEAyTJ+vI++8ZGvSerE+K","action":"Initial GetUpdates", "result":"", "context":Reason: RECONFIGURATION. cV=ukEAyTJ+vI++8ZGvSerE+K}
{"logTime": "1212/022626", "correlationVector":"ukEAyTJ+vI++8ZGvSerE+K.1","action":"SyncServerConnectionManagerRequest", "result":"SYNC_SERVER_OK", "context":{"environment":"Prod_southeastasia_prod-s01-064-apac-southeastasia", "migrationStage":"NotStarted", "server":"akswtt10800000b"}}
{"logTime": "1212/022626", "correlationVector":"ukEAyTJ+vI++8ZGvSerE+K.2","action":"ProcessGetUpdates", "result":"Done", "context":{"dataType":"History", "deleted":"0", "process_failed_to_decrypt":"0", "process_pending_decryption":"0", "process_success":"213", "total":"213"}}
{"logTime": "1212/022626", "correlationVector":"ukEAyTJ+vI++8ZGvSerE+K.3","action":"GetUpdates Response", "result":"Success", "context":Received 213 update(s). cV=ukEAyTJ+vI++8ZGvSerE+K.0;server=akswtt10800000b;cloudType=Consumer;environment=Prod_southeastasia_prod-s01-064-apac-southeastasia;migrationStage=NotStarted}
{"logTime": "1212/022626", "correlationVector":"S0t+hXnnKbZr3P8Gyvmm+H","action":"Normal GetUpdate request", "result":"", "context":cV=S0t+hXnnKbZr3P8Gyvmm+H
Nudged types: Preferences, Passwords, Autofill, Sessions, Device Info, History
Refresh requested types: Bookmarks, Preferences, Passwords, Autofill Profiles, Autofill, Extensions, Sessions, Extension settings, History Delete Directives, Device Info, User Consents, Send Tab To Self, Web Apps, History, Saved Tab Group, WebAuthn Credentials, Collection, Edge E Drop, Edge Hub App Usage, Edge Wallet, Encryption Keys}
{"logTime": "1212/022627", "correlationVector":"S0t+hXnnKbZr3P8Gyvmm+H.1","action":"SyncServerConnectionManagerRequest", "result":"SYNC_SERVER_OK", "context":{"environment":"Prod_southeastasia_prod-s01-064-apac-southeastasia", "migrationStage":"NotStarted", "server":"akswtt10800000n"}}
{"logTime": "1212/022627", "correlationVector":"S0t+hXnnKbZr3P8Gyvmm+H.2","action":"GetUpdates Response", "result":"Success", "context":Received 0 update(s). cV=S0t+hXnnKbZr3P8Gyvmm+H.0;server=akswtt10800000n;cloudType=Consumer;environment=Prod_southeastasia_prod-s01-064-apac-southeastasia;migrationStage=NotStarted}
{"logTime": "1212/022627", "correlationVector":"B8VZmVQcENx3j8nbq5vZfL","action":"Commit Request", "result":"", "context":Item count: 40
Contributing types: Preferences, Passwords, Autofill, Device Info}
{"logTime": "1212/022629", "correlationVector":"B8VZmVQcENx3j8nbq5vZfL.1","action":"SyncServerConnectionManagerRequest", "result":"SYNC_SERVER_OK", "context":{"environment":"Prod_southeastasia_prod-s01-064-apac-southeastasia", "migrationStage":"NotStarted", "server":"akswtt10800000j"}}
{"logTime": "1212/022629", "correlationVector":"B8VZmVQcENx3j8nbq5vZfL.2","action":"Commit Response", "result":"Success", "context":Result: Success. cV=B8VZmVQcENx3j8nbq5vZfL.0;server=akswtt10800000j;cloudType=Consumer;environment=Prod_southeastasia_prod-s01-064-apac-southeastasia;migrationStage=NotStarted}
{"logTime": "1212/022629", "correlationVector":"+QisWL/OVexCYn/KNt5t2j","action":"Commit Request", "result":"", "context":Item count: 28
Contributing types: Autofill, Sessions, History}
{"logTime": "1212/022631", "correlationVector":"+QisWL/OVexCYn/KNt5t2j.1","action":"SyncServerConnectionManagerRequest", "result":"SYNC_SERVER_OK", "context":{"environment":"Prod_southeastasia_prod-s01-064-apac-southeastasia", "migrationStage":"NotStarted", "server":"akswtt108000006"}}
{"logTime": "1212/022631", "correlationVector":"+QisWL/OVexCYn/KNt5t2j.2","action":"Commit Response", "result":"Success", "context":Result: Success. cV=+QisWL/OVexCYn/KNt5t2j.0;server=akswtt108000006;cloudType=Consumer;environment=Prod_southeastasia_prod-s01-064-apac-southeastasia;migrationStage=NotStarted}
