2025-12-12 02:25:43.639: [INFO][Sync] Reset engine, reason: 8
2025-12-12 02:25:43.639: [INFO][Sync] Stopped: Bookmarks
2025-12-12 02:25:43.639: [INFO][Sync] Stopped: Preferences
2025-12-12 02:25:43.639: [INFO][Sync] Stopped: Passwords
2025-12-12 02:25:43.639: [INFO][Sync] Stopped: Autofill Profiles
2025-12-12 02:25:43.639: [INFO][Sync] Stopped: Autofill
2025-12-12 02:25:43.639: [INFO][Sync] Stopped: Extensions
2025-12-12 02:25:43.639: [INFO][Sync] Stopped: Sessions
2025-12-12 02:25:43.639: [INFO][Sync] Stopped: Extension settings
2025-12-12 02:25:43.639: [INFO][Sync] Stopped: History Delete Directives
2025-12-12 02:25:43.639: [INFO][Sync] Stopped: Device Info
2025-12-12 02:25:43.639: [INFO][Sync] Stopped: User Consents
2025-12-12 02:25:43.639: [INFO][Sync] Stopped: Send Tab To Self
2025-12-12 02:25:43.639: [INFO][Sync] Stopped: Web Apps
2025-12-12 02:25:43.639: [INFO][Sync] Stopped: History
2025-12-12 02:25:43.639: [INFO][Sync] Stopped: Saved Tab Group
2025-12-12 02:25:43.639: [INFO][Sync] Stopped: WebAuthn Credentials
2025-12-12 02:25:43.639: [INFO][Sync] Stopped: Collection
2025-12-12 02:25:43.639: [INFO][Sync] Stopped: Edge E Drop
2025-12-12 02:25:43.639: [INFO][Sync] Stopped: Edge Hub App Usage
2025-12-12 02:25:43.639: [INFO][Sync] Stopped: Edge Wallet
2025-12-12 02:25:43.640: [INFO][Sync] SyncState after authenticated was: NotSignedIn
2025-12-12 02:25:43.894: [INFO][Sync] Reset engine, reason: 8
2025-12-12 02:25:43.894: [INFO][Sync] Stopped: Bookmarks
2025-12-12 02:25:43.894: [INFO][Sync] Stopped: Preferences
2025-12-12 02:25:43.894: [INFO][Sync] Stopped: Passwords
2025-12-12 02:25:43.894: [INFO][Sync] Stopped: Autofill Profiles
2025-12-12 02:25:43.894: [INFO][Sync] Stopped: Autofill
2025-12-12 02:25:43.894: [INFO][Sync] Stopped: Extensions
2025-12-12 02:25:43.894: [INFO][Sync] Stopped: Sessions
2025-12-12 02:25:43.894: [INFO][Sync] Stopped: Extension settings
2025-12-12 02:25:43.894: [INFO][Sync] Stopped: History Delete Directives
2025-12-12 02:25:43.894: [INFO][Sync] Stopped: Device Info
2025-12-12 02:25:43.894: [INFO][Sync] Stopped: User Consents
2025-12-12 02:25:43.894: [INFO][Sync] Stopped: Send Tab To Self
2025-12-12 02:25:43.894: [INFO][Sync] Stopped: Web Apps
2025-12-12 02:25:43.894: [INFO][Sync] Stopped: History
2025-12-12 02:25:43.894: [INFO][Sync] Stopped: Saved Tab Group
2025-12-12 02:25:43.894: [INFO][Sync] Stopped: WebAuthn Credentials
2025-12-12 02:25:43.894: [INFO][Sync] Stopped: Collection
2025-12-12 02:25:43.894: [INFO][Sync] Stopped: Edge E Drop
2025-12-12 02:25:43.894: [INFO][Sync] Stopped: Edge Hub App Usage
2025-12-12 02:25:43.894: [INFO][Sync] Stopped: Edge Wallet
2025-12-12 02:25:44.203: [INFO][Sync] Try to start sync engine
2025-12-12 02:25:44.203: [INFO][SyncManagerImpl::NudgeForInitialDownload] Initial download nudge for Encryption Keys
2025-12-12 02:25:44.203: [INFO][SyncEngineBackend::LoadAndConnectNigoriController] Load and connect Nigori controller
2025-12-12 02:25:44.203: [INFO][SyncEngineBackend::DoInitialize] Control Types added: Encryption Keys
2025-12-12 02:25:44.203: [INFO][SyncManagerImpl::ConfigureSyncer] Types to download: Encryption Keys with reason: 3
2025-12-12 02:25:44.205: [INFO][SyncSchedulerImpl::DoConfigurationSyncCycleJob] Configure job was blocked
2025-12-12 02:25:44.333: [INFO][SyncAuthManager::SetLastAuthError] Current auth error: None
2025-12-12 02:25:44.333: [INFO][SyncAuthManager::EdgeLogTokenErrorState] Token error with: None for account type: MSA
2025-12-12 02:25:44.333: [INFO][Sync] Credentials changed for: EdgeSyncScopeNew
2025-12-12 02:25:45.423: [INFO][SyncAuthManager::SetLastAuthError] Current auth error: None
2025-12-12 02:25:45.423: [INFO][SyncAuthManager::EdgeLogTokenErrorState] Token error with: None for account type: MSA
2025-12-12 02:25:45.423: [INFO][Sync] Credentials changed for: EdgeSyncKeyDataScope
2025-12-12 02:25:45.423: [INFO][SyncEngineBackend::DoUpdateKeyDataCredentials] Update key data credentials
2025-12-12 02:25:45.423: [INFO][SyncEngineBackend::DoUpdateCredentials] Update credentials
2025-12-12 02:25:45.423: [INFO][SyncSchedulerImpl::DoConfigurationSyncCycleJob] Blocked types:  and types to download: Encryption Keys
2025-12-12 02:25:46.465: [INFO][Sync] Started DataTypeManager configuration, reason: 4
2025-12-12 02:25:46.465: [INFO][Sync] Configuring for: Passwords, Extensions, Extension settings, Device Info, User Consents, Send Tab To Self, Web Apps, Saved Tab Group, WebAuthn Credentials, Encryption Keys, reason: 3, current state: 0
2025-12-12 02:25:46.465: [WARN][Sync] Crypto error data types: Passwords
2025-12-12 02:25:46.467: [INFO][Sync] Configure, desired: Extensions, Extension settings, Device Info, User Consents, Send Tab To Self, Web Apps, Saved Tab Group, WebAuthn Credentials, Encryption Keys; Allow fail: Passwords
2025-12-12 02:25:46.467: [INFO][Sync] Loading: Extensions
2025-12-12 02:25:46.467: [INFO][Sync] Loading: Extension settings
2025-12-12 02:25:46.467: [INFO][Sync] Loading: Device Info
2025-12-12 02:25:46.467: [INFO][Sync] Loading: User Consents
2025-12-12 02:25:46.467: [INFO][Sync] Loading: Send Tab To Self
2025-12-12 02:25:46.467: [INFO][Sync] Loading: Web Apps
2025-12-12 02:25:46.467: [INFO][Sync] Loading: Saved Tab Group
2025-12-12 02:25:46.467: [INFO][Sync] Loading: WebAuthn Credentials
2025-12-12 02:25:46.468: [INFO][Sync] All data types are ready for configure.
2025-12-12 02:25:47.052: [INFO][Sync] Started DataTypeManager configuration, reason: 5
2025-12-12 02:25:47.052: [INFO][Sync] Configuring for: Passwords, Extensions, Extension settings, Device Info, User Consents, Send Tab To Self, Web Apps, Saved Tab Group, WebAuthn Credentials, Encryption Keys, reason: 5, current state: 1
2025-12-12 02:25:47.064: [INFO][SyncEngineBackend::DoStartConfiguration] Start configuration
2025-12-12 02:25:47.064: [INFO][SyncManagerImpl::NudgeForInitialDownload] Initial download nudge for Extensions
2025-12-12 02:25:47.064: [INFO][SyncManagerImpl::NudgeForInitialDownload] Initial download nudge for Extension settings
2025-12-12 02:25:47.064: [INFO][SyncManagerImpl::NudgeForInitialDownload] Initial download nudge for Device Info
2025-12-12 02:25:47.064: [INFO][SyncManagerImpl::NudgeForInitialDownload] Initial download nudge for Send Tab To Self
2025-12-12 02:25:47.064: [INFO][SyncManagerImpl::NudgeForInitialDownload] Initial download nudge for Web Apps
2025-12-12 02:25:47.064: [INFO][SyncManagerImpl::NudgeForInitialDownload] Initial download nudge for Saved Tab Group
2025-12-12 02:25:47.064: [INFO][SyncManagerImpl::NudgeForInitialDownload] Initial download nudge for WebAuthn Credentials
2025-12-12 02:25:47.064: [INFO][SyncManagerImpl::ConfigureSyncer] Types to download:  with reason: 3
2025-12-12 02:25:47.064: [INFO][SyncEngineBackend::DoFinishConfigureDataTypes] Failed to download types:  and succeeded types: 
2025-12-12 02:25:47.065: [INFO][Sync] ConfigurationDone, failed: , succeeded: , remaining count: 2
2025-12-12 02:25:47.065: [WARN][Sync]     Reconfigure requested while configuration ongoing.
2025-12-12 02:25:47.065: [INFO][Sync] Configuring for: Passwords, Extensions, Extension settings, Device Info, User Consents, Send Tab To Self, Web Apps, Saved Tab Group, WebAuthn Credentials, Encryption Keys, reason: 5, current state: 2
2025-12-12 02:25:47.065: [INFO][Sync] Configure, desired: Passwords, Extensions, Extension settings, Device Info, User Consents, Send Tab To Self, Web Apps, Saved Tab Group, WebAuthn Credentials, Encryption Keys; Allow fail: 
2025-12-12 02:25:47.065: [INFO][Sync] Loading: Passwords
2025-12-12 02:25:47.065: [INFO][Sync] All data types are ready for configure.
2025-12-12 02:25:47.065: [INFO][SyncManagerImpl::NudgeForInitialDownload] Initial download nudge for Passwords
2025-12-12 02:25:47.065: [INFO][SyncManagerImpl::ConfigureSyncer] Types to download:  with reason: 5
2025-12-12 02:25:47.065: [INFO][SyncEngineBackend::DoFinishConfigureDataTypes] Failed to download types:  and succeeded types: 
2025-12-12 02:25:47.066: [INFO][Sync] ConfigurationDone, failed: , succeeded: , remaining count: 2
2025-12-12 02:25:47.066: [INFO][Sync] Prepare to configure types: Passwords, Device Info, Send Tab To Self, Encryption Keys
2025-12-12 02:25:47.066: [INFO][SyncManagerImpl::ConfigureSyncer] Types to download: Passwords, Device Info, Send Tab To Self, Encryption Keys with reason: 5
2025-12-12 02:25:47.066: [INFO][SyncSchedulerImpl::DoConfigurationSyncCycleJob] Blocked types:  and types to download: Passwords, Device Info, Send Tab To Self, Encryption Keys
2025-12-12 02:25:47.540: [INFO][SyncEngineBackend::DoFinishConfigureDataTypes] Failed to download types:  and succeeded types: Passwords, Device Info, Send Tab To Self, Encryption Keys
2025-12-12 02:25:47.541: [INFO][Sync] ConfigurationDone, failed: , succeeded: Passwords, Device Info, Send Tab To Self, Encryption Keys, remaining count: 1
2025-12-12 02:25:47.544: [INFO][Sync] Prepare to configure types: Extensions, Extension settings, Web Apps, Saved Tab Group, WebAuthn Credentials, Encryption Keys
2025-12-12 02:25:47.544: [INFO][SyncManagerImpl::ConfigureSyncer] Types to download: Extensions, Extension settings, Web Apps, Saved Tab Group, WebAuthn Credentials, Encryption Keys with reason: 5
2025-12-12 02:25:47.544: [INFO][SyncSchedulerImpl::DoConfigurationSyncCycleJob] Blocked types:  and types to download: Extensions, Extension settings, Web Apps, Saved Tab Group, WebAuthn Credentials, Encryption Keys
2025-12-12 02:25:47.886: [INFO][SyncEngineBackend::DoFinishConfigureDataTypes] Failed to download types:  and succeeded types: Extensions, Extension settings, Web Apps, Saved Tab Group, WebAuthn Credentials, Encryption Keys
2025-12-12 02:25:47.888: [INFO][Sync] ConfigurationDone, failed: , succeeded: Extensions, Extension settings, Web Apps, Saved Tab Group, WebAuthn Credentials, Encryption Keys, remaining count: 0
2025-12-12 02:25:47.891: [INFO][Sync]     Configuration completed, state: 7
2025-12-12 02:25:47.891: [INFO][Sync] Configured DataTypeManager: Ok
2025-12-12 02:25:47.895: [INFO][SyncEngineBackend::DoStartSyncing] Start syncing
2025-12-12 02:26:22.549: [INFO][Sync] Started DataTypeManager configuration, reason: 1
2025-12-12 02:26:22.549: [INFO][Sync] Configuring for: Passwords, Extensions, Extension settings, Device Info, User Consents, Send Tab To Self, Web Apps, Saved Tab Group, WebAuthn Credentials, Encryption Keys, reason: 1, current state: 3
2025-12-12 02:26:22.549: [INFO][SyncEngineBackend::DoStartConfiguration] Start configuration
2025-12-12 02:26:22.549: [INFO][Sync] Configure, desired: Passwords, Extensions, Extension settings, Device Info, User Consents, Send Tab To Self, Web Apps, Saved Tab Group, WebAuthn Credentials, Encryption Keys; Allow fail: 
2025-12-12 02:26:22.549: [INFO][Sync] All data types are ready for configure.
2025-12-12 02:26:22.549: [INFO][SyncManagerImpl::ConfigureSyncer] Types to download:  with reason: 1
2025-12-12 02:26:22.549: [INFO][SyncEngineBackend::DoFinishConfigureDataTypes] Failed to download types:  and succeeded types: 
2025-12-12 02:26:22.551: [INFO][Sync] Started DataTypeManager configuration, reason: 1
2025-12-12 02:26:22.551: [INFO][Sync] Configuring for: Passwords, Extensions, Extension settings, Device Info, User Consents, Send Tab To Self, Web Apps, Saved Tab Group, WebAuthn Credentials, Encryption Keys, reason: 1, current state: 1
2025-12-12 02:26:22.557: [INFO][Sync] Started DataTypeManager configuration, reason: 1
2025-12-12 02:26:22.557: [INFO][Sync] Configuring for: Bookmarks, Preferences, Passwords, Autofill Profiles, Autofill, Extensions, Sessions, Extension settings, History Delete Directives, Device Info, User Consents, Send Tab To Self, Web Apps, History, Saved Tab Group, WebAuthn Credentials, Collection, Edge E Drop, Edge Hub App Usage, Edge Wallet, Encryption Keys, reason: 1, current state: 1
2025-12-12 02:26:22.573: [INFO][Sync] ConfigurationDone, failed: , succeeded: , remaining count: 2
2025-12-12 02:26:22.573: [WARN][Sync]     Reconfigure requested while configuration ongoing.
2025-12-12 02:26:22.573: [INFO][Sync] Configuring for: Bookmarks, Preferences, Passwords, Autofill Profiles, Autofill, Extensions, Sessions, Extension settings, History Delete Directives, Device Info, User Consents, Send Tab To Self, Web Apps, History, Saved Tab Group, WebAuthn Credentials, Collection, Edge E Drop, Edge Hub App Usage, Edge Wallet, Encryption Keys, reason: 1, current state: 2
2025-12-12 02:26:22.573: [INFO][Sync] Configure, desired: Bookmarks, Preferences, Passwords, Autofill Profiles, Autofill, Extensions, Sessions, Extension settings, History Delete Directives, Device Info, User Consents, Send Tab To Self, Web Apps, History, Saved Tab Group, WebAuthn Credentials, Collection, Edge E Drop, Edge Hub App Usage, Edge Wallet, Encryption Keys; Allow fail: 
2025-12-12 02:26:22.573: [INFO][Sync] Loading: Bookmarks
2025-12-12 02:26:22.573: [INFO][Sync] Loading: Preferences
2025-12-12 02:26:22.573: [INFO][Sync] Loading: Passwords
2025-12-12 02:26:22.573: [INFO][Sync] Loading: Autofill Profiles
2025-12-12 02:26:22.573: [INFO][Sync] Loading: Autofill
2025-12-12 02:26:22.573: [INFO][Sync] Loading: Extensions
2025-12-12 02:26:22.573: [INFO][Sync] Loading: Sessions
2025-12-12 02:26:22.573: [INFO][Sync] Loading: Extension settings
2025-12-12 02:26:22.573: [INFO][Sync] Loading: History Delete Directives
2025-12-12 02:26:22.573: [INFO][Sync] Loading: Device Info
2025-12-12 02:26:22.573: [INFO][Sync] Loading: User Consents
2025-12-12 02:26:22.573: [INFO][Sync] Loading: Send Tab To Self
2025-12-12 02:26:22.573: [INFO][Sync] Loading: Web Apps
2025-12-12 02:26:22.573: [INFO][Sync] Loading: History
2025-12-12 02:26:22.574: [INFO][Sync] Loading: Saved Tab Group
2025-12-12 02:26:22.574: [INFO][Sync] Loading: WebAuthn Credentials
2025-12-12 02:26:22.574: [INFO][Sync] Loading: Collection
2025-12-12 02:26:22.574: [INFO][Sync] Loading: Edge E Drop
2025-12-12 02:26:22.574: [INFO][Sync] Loading: Edge Hub App Usage
2025-12-12 02:26:22.574: [INFO][Sync] Loading: Edge Wallet
2025-12-12 02:26:22.587: [INFO][Sync] All data types are ready for configure.
2025-12-12 02:26:22.587: [INFO][SyncManagerImpl::NudgeForInitialDownload] Initial download nudge for Bookmarks
2025-12-12 02:26:22.587: [INFO][SyncManagerImpl::NudgeForInitialDownload] Initial download nudge for Preferences
2025-12-12 02:26:22.587: [INFO][SyncManagerImpl::NudgeForInitialDownload] Initial download nudge for Passwords
2025-12-12 02:26:22.587: [INFO][SyncManagerImpl::NudgeForInitialDownload] Initial download nudge for Autofill Profiles
2025-12-12 02:26:22.587: [INFO][SyncManagerImpl::NudgeForInitialDownload] Initial download nudge for Autofill
2025-12-12 02:26:22.587: [INFO][SyncManagerImpl::NudgeForInitialDownload] Initial download nudge for Extensions
2025-12-12 02:26:22.587: [INFO][SyncManagerImpl::NudgeForInitialDownload] Initial download nudge for Sessions
2025-12-12 02:26:22.587: [INFO][SyncManagerImpl::NudgeForInitialDownload] Initial download nudge for Extension settings
2025-12-12 02:26:22.587: [INFO][SyncManagerImpl::NudgeForInitialDownload] Initial download nudge for History Delete Directives
2025-12-12 02:26:22.587: [INFO][SyncManagerImpl::NudgeForInitialDownload] Initial download nudge for Device Info
2025-12-12 02:26:22.587: [INFO][SyncManagerImpl::NudgeForInitialDownload] Initial download nudge for Send Tab To Self
2025-12-12 02:26:22.587: [INFO][SyncManagerImpl::NudgeForInitialDownload] Initial download nudge for Web Apps
2025-12-12 02:26:22.587: [INFO][SyncManagerImpl::NudgeForInitialDownload] Initial download nudge for History
2025-12-12 02:26:22.587: [INFO][SyncManagerImpl::NudgeForInitialDownload] Initial download nudge for Saved Tab Group
2025-12-12 02:26:22.587: [INFO][SyncManagerImpl::NudgeForInitialDownload] Initial download nudge for WebAuthn Credentials
2025-12-12 02:26:22.587: [INFO][SyncManagerImpl::NudgeForInitialDownload] Initial download nudge for Collection
2025-12-12 02:26:22.587: [INFO][SyncManagerImpl::NudgeForInitialDownload] Initial download nudge for Edge E Drop
2025-12-12 02:26:22.587: [INFO][SyncManagerImpl::NudgeForInitialDownload] Initial download nudge for Edge Hub App Usage
2025-12-12 02:26:22.587: [INFO][SyncManagerImpl::NudgeForInitialDownload] Initial download nudge for Edge Wallet
2025-12-12 02:26:22.587: [INFO][SyncManagerImpl::ConfigureSyncer] Types to download:  with reason: 1
2025-12-12 02:26:22.587: [INFO][SyncEngineBackend::DoFinishConfigureDataTypes] Failed to download types:  and succeeded types: 
2025-12-12 02:26:22.588: [INFO][Sync] ConfigurationDone, failed: , succeeded: , remaining count: 4
2025-12-12 02:26:22.588: [INFO][Sync] Prepare to configure types: Preferences, Passwords, Device Info, Send Tab To Self, Edge E Drop, Encryption Keys
2025-12-12 02:26:22.588: [INFO][SyncManagerImpl::ConfigureSyncer] Types to download: Preferences, Passwords, Device Info, Send Tab To Self, Edge E Drop, Encryption Keys with reason: 1
2025-12-12 02:26:22.588: [INFO][SyncSchedulerImpl::DoConfigurationSyncCycleJob] Blocked types:  and types to download: Preferences, Passwords, Device Info, Send Tab To Self, Edge E Drop, Encryption Keys
2025-12-12 02:26:22.995: [INFO][SyncEngineBackend::DoFinishConfigureDataTypes] Failed to download types:  and succeeded types: Preferences, Passwords, Device Info, Send Tab To Self, Edge E Drop, Encryption Keys
2025-12-12 02:26:22.999: [INFO][Sync] ConfigurationDone, failed: , succeeded: Preferences, Passwords, Device Info, Send Tab To Self, Edge E Drop, Encryption Keys, remaining count: 3
2025-12-12 02:26:22.999: [INFO][Sync] Prepare to configure types: Bookmarks, Encryption Keys
2025-12-12 02:26:23.000: [INFO][SyncManagerImpl::ConfigureSyncer] Types to download: Bookmarks, Encryption Keys with reason: 1
2025-12-12 02:26:23.000: [INFO][SyncSchedulerImpl::DoConfigurationSyncCycleJob] Blocked types:  and types to download: Bookmarks, Encryption Keys
2025-12-12 02:26:23.314: [INFO][SyncEngineBackend::DoFinishConfigureDataTypes] Failed to download types:  and succeeded types: Bookmarks, Encryption Keys
2025-12-12 02:26:23.320: [INFO][Sync] ConfigurationDone, failed: , succeeded: Bookmarks, Encryption Keys, remaining count: 2
2025-12-12 02:26:23.320: [INFO][Sync] Prepare to configure types: Autofill Profiles, Autofill, Extensions, Sessions, Extension settings, History Delete Directives, Web Apps, Saved Tab Group, WebAuthn Credentials, Collection, Edge Hub App Usage, Edge Wallet, Encryption Keys
2025-12-12 02:26:23.320: [INFO][SyncManagerImpl::ConfigureSyncer] Types to download: Autofill Profiles, Autofill, Extensions, Sessions, Extension settings, History Delete Directives, Web Apps, Saved Tab Group, WebAuthn Credentials, Collection, Edge Hub App Usage, Edge Wallet, Encryption Keys with reason: 1
2025-12-12 02:26:23.320: [INFO][SyncSchedulerImpl::DoConfigurationSyncCycleJob] Blocked types:  and types to download: Autofill Profiles, Autofill, Extensions, Sessions, Extension settings, History Delete Directives, Web Apps, Saved Tab Group, WebAuthn Credentials, Collection, Edge Hub App Usage, Edge Wallet, Encryption Keys
2025-12-12 02:26:24.468: [INFO][SyncEngineBackend::DoFinishConfigureDataTypes] Failed to download types:  and succeeded types: Autofill Profiles, Autofill, Extensions, Sessions, Extension settings, History Delete Directives, Web Apps, Saved Tab Group, WebAuthn Credentials, Collection, Edge Hub App Usage, Edge Wallet, Encryption Keys
2025-12-12 02:26:24.470: [INFO][Sync] ConfigurationDone, failed: , succeeded: Autofill Profiles, Autofill, Extensions, Sessions, Extension settings, History Delete Directives, Web Apps, Saved Tab Group, WebAuthn Credentials, Collection, Edge Hub App Usage, Edge Wallet, Encryption Keys, remaining count: 1
2025-12-12 02:26:24.471: [INFO][Sync] Prepare to configure types: History, Encryption Keys
2025-12-12 02:26:24.471: [INFO][SyncManagerImpl::ConfigureSyncer] Types to download: History, Encryption Keys with reason: 1
2025-12-12 02:26:24.472: [INFO][SyncSchedulerImpl::DoConfigurationSyncCycleJob] Blocked types:  and types to download: History, Encryption Keys
2025-12-12 02:26:26.793: [INFO][SyncEngineBackend::DoFinishConfigureDataTypes] Failed to download types:  and succeeded types: History, Encryption Keys
2025-12-12 02:26:26.796: [INFO][Sync] ConfigurationDone, failed: , succeeded: History, Encryption Keys, remaining count: 0
2025-12-12 02:26:26.799: [INFO][Sync]     Configuration completed, state: 7
2025-12-12 02:26:26.799: [INFO][Sync] Configured DataTypeManager: Ok
2025-12-12 02:26:26.802: [INFO][SyncEngineBackend::DoStartSyncing] Start syncing
2025-12-12 02:26:34.219: [INFO][Sync] Reset engine, reason: 0
2025-12-12 02:26:34.219: [INFO][Sync] Reset engine with reason: 0
